<?xml version="1.0" encoding="UTF-8"?>
<!-- Generated by org.testng.reporters.JUnitReportReporter -->
<testsuite hostname="LAPTOP-84OTAVJL" failures="0" tests="1" name="org.testing.Testscripts.TC1" time="62.251" errors="0" timestamp="2024-02-11T18:16:44 IST" skipped="0">
  <testcase classname="org.testing.Testscripts.TC1" name="LoginTrendingclick" time="62.251"/>
  <system-out/>
</testsuite> <!-- org.testing.Testscripts.TC1 -->
