<?xml version="1.0" encoding="UTF-8"?>
<!-- Generated by org.testng.reporters.JUnitReportReporter -->
<testsuite hostname="LAPTOP-84OTAVJL" failures="0" tests="1" name="Day23Jan9.GotoPopup_Practice" time="45.874" errors="0" timestamp="2024-02-11T21:22:39 IST" skipped="0">
  <testcase classname="Day23Jan9.GotoPopup_Practice" name="accepalert" time="45.874"/>
  <system-out/>
</testsuite> <!-- Day23Jan9.GotoPopup_Practice -->
