<?xml version="1.0" encoding="UTF-8"?>
<!-- Generated by org.testng.reporters.JUnitReportReporter -->
<testsuite hostname="LAPTOP-84OTAVJL" failures="0" tests="1" name="Dec_11.Testng1" time="0.025" errors="0" timestamp="2023-08-26T16:28:50 IST" skipped="0">
  <testcase classname="Dec_11.Testng1" name="m2" time="0.025"/>
  <system-out/>
</testsuite> <!-- Dec_11.Testng1 -->
